family-points-bank/android/app/build/intermediates/manifest_merge_blame_file/debug/processDebugMainManifest/manifest-merger-blame-debug-report.txt
1<?xml version="1.0" encoding="utf-8"?>
2<manifest xmlns:android="http://schemas.android.com/apk/res/android"
3    package="com.wly.familypointsbank"
4    android:versionCode="1"
5    android:versionName="1.0" >
6
7    <uses-sdk
8        android:minSdkVersion="22"
9        android:targetSdkVersion="35" />
10
11    <!-- Permissions -->
12
13    <uses-permission android:name="android.permission.INTERNET" />
13-->src/main/AndroidManifest.xml:34:5-67
13-->src/main/AndroidManifest.xml:34:22-64
14    <uses-permission android:name="android.permission.POST_NOTIFICATIONS" />
14-->src/main/AndroidManifest.xml:35:5-77
14-->src/main/AndroidManifest.xml:35:22-74
15    <uses-permission android:name="android.permission.VIBRATE" />
15-->src/main/AndroidManifest.xml:36:5-66
15-->src/main/AndroidManifest.xml:36:22-63
16    <uses-permission android:name="android.permission.RECEIVE_BOOT_COMPLETED" />
16-->src/main/AndroidManifest.xml:37:5-81
16-->src/main/AndroidManifest.xml:37:22-78
17    <uses-permission android:name="android.permission.USE_FULL_SCREEN_INTENT" />
17-->src/main/AndroidManifest.xml:38:5-81
17-->src/main/AndroidManifest.xml:38:22-78
18    <uses-permission android:name="android.permission.WAKE_LOCK" />
18-->[:capacitor-local-notifications] AndroidManifest.xml:8:5-68
18-->[:capacitor-local-notifications] AndroidManifest.xml:8:22-65
19
20    <permission
20-->[androidx.core:core:1.12.0] AndroidManifest.xml:22:5-24:47
21        android:name="com.wly.familypointsbank.DYNAMIC_RECEIVER_NOT_EXPORTED_PERMISSION"
21-->[androidx.core:core:1.12.0] AndroidManifest.xml:23:9-81
22        android:protectionLevel="signature" />
22-->[androidx.core:core:1.12.0] AndroidManifest.xml:24:9-44
23
24    <uses-permission android:name="com.wly.familypointsbank.DYNAMIC_RECEIVER_NOT_EXPORTED_PERMISSION" />
24-->[androidx.core:core:1.12.0] AndroidManifest.xml:26:5-97
24-->[androidx.core:core:1.12.0] AndroidManifest.xml:26:22-94
25
26    <application
26-->src/main/AndroidManifest.xml:3:5-30:19
27        android:allowBackup="true"
27-->src/main/AndroidManifest.xml:4:9-35
28        android:appComponentFactory="androidx.core.app.CoreComponentFactory"
28-->[androidx.core:core:1.12.0] AndroidManifest.xml:28:18-86
29        android:debuggable="true"
30        android:extractNativeLibs="true"
31        android:icon="@mipmap/ic_launcher"
31-->src/main/AndroidManifest.xml:5:9-43
32        android:label="@string/app_name"
32-->src/main/AndroidManifest.xml:6:9-41
33        android:roundIcon="@mipmap/ic_launcher_round"
33-->src/main/AndroidManifest.xml:7:9-54
34        android:supportsRtl="true"
34-->src/main/AndroidManifest.xml:8:9-35
35        android:theme="@style/AppTheme" >
35-->src/main/AndroidManifest.xml:9:9-40
36        <activity
36-->src/main/AndroidManifest.xml:10:9-21:20
37            android:name="com.wly.familypointsbank.MainActivity"
37-->src/main/AndroidManifest.xml:12:13-41
38            android:configChanges="orientation|keyboardHidden|keyboard|screenSize|locale|smallestScreenSize|screenLayout|uiMode"
38-->src/main/AndroidManifest.xml:11:13-129
39            android:exported="true"
39-->src/main/AndroidManifest.xml:16:13-36
40            android:label="@string/title_activity_main"
40-->src/main/AndroidManifest.xml:13:13-56
41            android:launchMode="singleTask"
41-->src/main/AndroidManifest.xml:15:13-44
42            android:theme="@style/AppTheme.NoActionBarLaunch" >
42-->src/main/AndroidManifest.xml:14:13-62
43            <intent-filter>
43-->src/main/AndroidManifest.xml:17:13-20:29
44                <action android:name="android.intent.action.MAIN" />
44-->src/main/AndroidManifest.xml:18:17-69
44-->src/main/AndroidManifest.xml:18:25-66
45
46                <category android:name="android.intent.category.LAUNCHER" />
46-->src/main/AndroidManifest.xml:19:17-77
46-->src/main/AndroidManifest.xml:19:27-74
47            </intent-filter>
48        </activity>
49
50        <provider
51            android:name="androidx.core.content.FileProvider"
51-->src/main/AndroidManifest.xml:24:13-62
52            android:authorities="com.wly.familypointsbank.fileprovider"
52-->src/main/AndroidManifest.xml:25:13-64
53            android:exported="false"
53-->src/main/AndroidManifest.xml:26:13-37
54            android:grantUriPermissions="true" >
54-->src/main/AndroidManifest.xml:27:13-47
55            <meta-data
55-->src/main/AndroidManifest.xml:28:13-112
56                android:name="android.support.FILE_PROVIDER_PATHS"
56-->src/main/AndroidManifest.xml:28:24-74
57                android:resource="@xml/file_paths" />
57-->src/main/AndroidManifest.xml:28:75-109
58        </provider>
59
60        <receiver android:name="com.capacitorjs.plugins.localnotifications.TimedNotificationPublisher" />
60-->[:capacitor-local-notifications] AndroidManifest.xml:12:9-106
60-->[:capacitor-local-notifications] AndroidManifest.xml:12:19-103
61        <receiver android:name="com.capacitorjs.plugins.localnotifications.NotificationDismissReceiver" />
61-->[:capacitor-local-notifications] AndroidManifest.xml:13:9-107
61-->[:capacitor-local-notifications] AndroidManifest.xml:13:19-104
62        <receiver
62-->[:capacitor-local-notifications] AndroidManifest.xml:14:9-23:20
63            android:name="com.capacitorjs.plugins.localnotifications.LocalNotificationRestoreReceiver"
63-->[:capacitor-local-notifications] AndroidManifest.xml:15:13-103
64            android:directBootAware="true"
64-->[:capacitor-local-notifications] AndroidManifest.xml:16:13-43
65            android:exported="false" >
65-->[:capacitor-local-notifications] AndroidManifest.xml:17:13-37
66            <intent-filter>
66-->[:capacitor-local-notifications] AndroidManifest.xml:18:13-22:29
67                <action android:name="android.intent.action.LOCKED_BOOT_COMPLETED" />
67-->[:capacitor-local-notifications] AndroidManifest.xml:19:17-86
67-->[:capacitor-local-notifications] AndroidManifest.xml:19:25-83
68                <action android:name="android.intent.action.BOOT_COMPLETED" />
68-->[:capacitor-local-notifications] AndroidManifest.xml:20:17-79
68-->[:capacitor-local-notifications] AndroidManifest.xml:20:25-76
69                <action android:name="android.intent.action.QUICKBOOT_POWERON" />
69-->[:capacitor-local-notifications] AndroidManifest.xml:21:17-82
69-->[:capacitor-local-notifications] AndroidManifest.xml:21:25-79
70            </intent-filter>
71        </receiver>
72
73        <provider
73-->[androidx.emoji2:emoji2:1.2.0] AndroidManifest.xml:24:9-32:20
74            android:name="androidx.startup.InitializationProvider"
74-->[androidx.emoji2:emoji2:1.2.0] AndroidManifest.xml:25:13-67
75            android:authorities="com.wly.familypointsbank.androidx-startup"
75-->[androidx.emoji2:emoji2:1.2.0] AndroidManifest.xml:26:13-68
76            android:exported="false" >
76-->[androidx.emoji2:emoji2:1.2.0] AndroidManifest.xml:27:13-37
77            <meta-data
77-->[androidx.emoji2:emoji2:1.2.0] AndroidManifest.xml:29:13-31:52
78                android:name="androidx.emoji2.text.EmojiCompatInitializer"
78-->[androidx.emoji2:emoji2:1.2.0] AndroidManifest.xml:30:17-75
79                android:value="androidx.startup" />
79-->[androidx.emoji2:emoji2:1.2.0] AndroidManifest.xml:31:17-49
80            <meta-data
80-->[androidx.lifecycle:lifecycle-process:2.6.1] AndroidManifest.xml:29:13-31:52
81                android:name="androidx.lifecycle.ProcessLifecycleInitializer"
81-->[androidx.lifecycle:lifecycle-process:2.6.1] AndroidManifest.xml:30:17-78
82                android:value="androidx.startup" />
82-->[androidx.lifecycle:lifecycle-process:2.6.1] AndroidManifest.xml:31:17-49
83            <meta-data
83-->[androidx.profileinstaller:profileinstaller:1.3.0] AndroidManifest.xml:29:13-31:52
84                android:name="androidx.profileinstaller.ProfileInstallerInitializer"
84-->[androidx.profileinstaller:profileinstaller:1.3.0] AndroidManifest.xml:30:17-85
85                android:value="androidx.startup" />
85-->[androidx.profileinstaller:profileinstaller:1.3.0] AndroidManifest.xml:31:17-49
86        </provider>
87
88        <receiver
88-->[androidx.profileinstaller:profileinstaller:1.3.0] AndroidManifest.xml:34:9-52:20
89            android:name="androidx.profileinstaller.ProfileInstallReceiver"
89-->[androidx.profileinstaller:profileinstaller:1.3.0] AndroidManifest.xml:35:13-76
90            android:directBootAware="false"
90-->[androidx.profileinstaller:profileinstaller:1.3.0] AndroidManifest.xml:36:13-44
91            android:enabled="true"
91-->[androidx.profileinstaller:profileinstaller:1.3.0] AndroidManifest.xml:37:13-35
92            android:exported="true"
92-->[androidx.profileinstaller:profileinstaller:1.3.0] AndroidManifest.xml:38:13-36
93            android:permission="android.permission.DUMP" >
93-->[androidx.profileinstaller:profileinstaller:1.3.0] AndroidManifest.xml:39:13-57
94            <intent-filter>
94-->[androidx.profileinstaller:profileinstaller:1.3.0] AndroidManifest.xml:40:13-42:29
95                <action android:name="androidx.profileinstaller.action.INSTALL_PROFILE" />
95-->[androidx.profileinstaller:profileinstaller:1.3.0] AndroidManifest.xml:41:17-91
95-->[androidx.profileinstaller:profileinstaller:1.3.0] AndroidManifest.xml:41:25-88
96            </intent-filter>
97            <intent-filter>
97-->[androidx.profileinstaller:profileinstaller:1.3.0] AndroidManifest.xml:43:13-45:29
98                <action android:name="androidx.profileinstaller.action.SKIP_FILE" />
98-->[androidx.profileinstaller:profileinstaller:1.3.0] AndroidManifest.xml:44:17-85
98-->[androidx.profileinstaller:profileinstaller:1.3.0] AndroidManifest.xml:44:25-82
99            </intent-filter>
100            <intent-filter>
100-->[androidx.profileinstaller:profileinstaller:1.3.0] AndroidManifest.xml:46:13-48:29
101                <action android:name="androidx.profileinstaller.action.SAVE_PROFILE" />
101-->[androidx.profileinstaller:profileinstaller:1.3.0] AndroidManifest.xml:47:17-88
101-->[androidx.profileinstaller:profileinstaller:1.3.0] AndroidManifest.xml:47:25-85
102            </intent-filter>
103            <intent-filter>
103-->[androidx.profileinstaller:profileinstaller:1.3.0] AndroidManifest.xml:49:13-51:29
104                <action android:name="androidx.profileinstaller.action.BENCHMARK_OPERATION" />
104-->[androidx.profileinstaller:profileinstaller:1.3.0] AndroidManifest.xml:50:17-95
104-->[androidx.profileinstaller:profileinstaller:1.3.0] AndroidManifest.xml:50:25-92
105            </intent-filter>
106        </receiver>
107    </application>
108
109</manifest>